<?xml version="1.0" encoding="UTF-8"?>
<!-- Generated by org.testng.reporters.JUnitReportReporter -->
<testsuite hostname="SukiLaptop" failures="0" tests="1" name="testCases.TC_001_AccountRegistrationTest" time="8.619" errors="0" timestamp="2023-04-24T21:55:02 EDT" skipped="0">
  <testcase classname="testCases.TC_001_AccountRegistrationTest" name="test_account_Registration" time="8.619"/>
  <system-out/>
</testsuite> <!-- testCases.TC_001_AccountRegistrationTest -->
