<?xml version="1.0" encoding="UTF-8"?>
<!-- Generated by org.testng.reporters.JUnitReportReporter -->
<testsuite hostname="SukiLaptop" failures="0" tests="1" name="testCases.TC_001_AccountRegistrationtTest" time="5.482" errors="0" timestamp="2023-04-28T10:14:12 EDT" skipped="0">
  <testcase classname="testCases.TC_001_AccountRegistrationtTest" name="test_account_Registration" time="5.482"/>
  <system-out/>
</testsuite> <!-- testCases.TC_001_AccountRegistrationtTest -->
