<?xml version="1.0" encoding="UTF-8"?>
<!-- Generated by org.testng.reporters.JUnitReportReporter -->
<testsuite hostname="SukiLaptop" failures="0" tests="1" name="testCases.TC_002_LoginTest" time="0.991" errors="0" timestamp="2023-04-28T10:14:12 EDT" skipped="0">
  <testcase classname="testCases.TC_002_LoginTest" name="test_Login" time="0.991"/>
  <system-out/>
</testsuite> <!-- testCases.TC_002_LoginTest -->
